\BOOKMARK [0][-]{titulo.0}{P\341gina de T\355tulo}{}% 1
\BOOKMARK [0][-]{dedicatoria.0}{Dedicatoria}{}% 2
\BOOKMARK [0][-]{chapter*.2}{Acknowledgements}{}% 3
\BOOKMARK [0][-]{chapter*.3}{Abstract}{}% 4
\BOOKMARK [0][-]{indices.0}{Indices}{}% 5
\BOOKMARK [1][-]{table of contents.1}{Table of contents}{indices.0}% 6
\BOOKMARK [1][-]{list of figures.1}{List of Figures}{indices.0}% 7
\BOOKMARK [1][-]{list of tables.1}{List of Tables}{indices.0}% 8
\BOOKMARK [0][-]{chapter.1}{Introduction}{}% 9
\BOOKMARK [1][-]{section.1.1}{Background}{chapter.1}% 10
\BOOKMARK [1][-]{section.1.2}{Project Organization}{chapter.1}% 11
\BOOKMARK [1][-]{section.1.3}{Disposition}{chapter.1}% 12
\BOOKMARK [0][-]{chapter.2}{Cognitive Wireless Sensor Networks: State of Art}{}% 13
\BOOKMARK [1][-]{section.2.1}{Cognitive Radio}{chapter.2}% 14
\BOOKMARK [1][-]{section.2.2}{Cognitive Networks}{chapter.2}% 15
\BOOKMARK [1][-]{section.2.3}{Wireless Sensor Networks}{chapter.2}% 16
\BOOKMARK [1][-]{section.2.4}{Cognitive Wireless Sensor Networks}{chapter.2}% 17
\BOOKMARK [1][-]{section.2.5}{Current Devices}{chapter.2}% 18
\BOOKMARK [0][-]{chapter.3}{Review Study}{}% 19
\BOOKMARK [1][-]{section.3.1}{Cognitive Wireless Sensor Network Node Model}{chapter.3}% 20
\BOOKMARK [1][-]{section.3.2}{First Cognitive Device Evaluation}{chapter.3}% 21
\BOOKMARK [1][-]{section.3.3}{System Requirements}{chapter.3}% 22
\BOOKMARK [1][-]{section.3.4}{Technology}{chapter.3}% 23
\BOOKMARK [2][-]{subsection.3.4.1}{Microcontroller}{section.3.4}% 24
\BOOKMARK [2][-]{subsection.3.4.2}{Radio Interfaces}{section.3.4}% 25
\BOOKMARK [2][-]{subsection.3.4.3}{Serial Communication}{section.3.4}% 26
\BOOKMARK [2][-]{subsection.3.4.4}{Power Supply System}{section.3.4}% 27
\BOOKMARK [3][-]{subsubsection.3.4.4.1}{Consumption}{subsection.3.4.4}% 28
\BOOKMARK [2][-]{subsection.3.4.5}{Timing}{section.3.4}% 29
\BOOKMARK [2][-]{subsection.3.4.6}{Application Capabilities}{section.3.4}% 30
\BOOKMARK [1][-]{section.3.5}{Conclusions}{chapter.3}% 31
\BOOKMARK [0][-]{chapter.4}{Design Study}{}% 32
\BOOKMARK [1][-]{section.4.1}{Global Hardware Description}{chapter.4}% 33
\BOOKMARK [1][-]{section.4.2}{Altium Designer}{chapter.4}% 34
\BOOKMARK [2][-]{subsection.4.2.1}{agus lib}{section.4.2}% 35
\BOOKMARK [1][-]{section.4.3}{Main Board - cognitiveNextGenerationDevice}{chapter.4}% 36
\BOOKMARK [2][-]{subsection.4.3.1}{Description}{section.4.3}% 37
\BOOKMARK [2][-]{subsection.4.3.2}{Schematics}{section.4.3}% 38
\BOOKMARK [2][-]{subsection.4.3.3}{Power Supply System}{section.4.3}% 39
\BOOKMARK [3][-]{subsubsection.4.3.3.1}{Battery}{subsection.4.3.3}% 40
\BOOKMARK [2][-]{subsection.4.3.4}{Microcontroller}{section.4.3}% 41
\BOOKMARK [3][-]{subsubsection.4.3.4.1}{Pinout}{subsection.4.3.4}% 42
\BOOKMARK [2][-]{subsection.4.3.5}{Radio Interfaces}{section.4.3}% 43
\BOOKMARK [3][-]{subsubsection.4.3.5.1}{Software Controlled Power Supply}{subsection.4.3.5}% 44
\BOOKMARK [2][-]{subsection.4.3.6}{Timing}{section.4.3}% 45
\BOOKMARK [2][-]{subsection.4.3.7}{Expansion Headers}{section.4.3}% 46
\BOOKMARK [3][-]{subsubsection.4.3.7.1}{Pinout}{subsection.4.3.7}% 47
\BOOKMARK [3][-]{subsubsection.4.3.7.2}{Considerations}{subsection.4.3.7}% 48
\BOOKMARK [1][-]{section.4.4}{Transceivers - Trans 434/868}{chapter.4}% 49
\BOOKMARK [2][-]{subsection.4.4.1}{Description}{section.4.4}% 50
\BOOKMARK [2][-]{subsection.4.4.2}{Schematics}{section.4.4}% 51
\BOOKMARK [1][-]{section.4.5}{Serial Communication Board - rs232SHIELD}{chapter.4}% 52
\BOOKMARK [2][-]{subsection.4.5.1}{Description}{section.4.5}% 53
\BOOKMARK [2][-]{subsection.4.5.2}{Schematics}{section.4.5}% 54
\BOOKMARK [1][-]{section.4.6}{Transceivers - chargerSHIELD}{chapter.4}% 55
\BOOKMARK [2][-]{subsection.4.6.1}{Description}{section.4.6}% 56
\BOOKMARK [2][-]{subsection.4.6.2}{Schematics}{section.4.6}% 57
\BOOKMARK [2][-]{subsection.4.6.3}{Simulation}{section.4.6}% 58
\BOOKMARK [0][-]{chapter.5}{Implementation Study}{}% 59
\BOOKMARK [1][-]{section.5.1}{Main Board - cognitiveNextGenerationDevice}{chapter.5}% 60
\BOOKMARK [2][-]{subsection.5.1.1}{Layout}{section.5.1}% 61
\BOOKMARK [2][-]{subsection.5.1.2}{Mounting}{section.5.1}% 62
\BOOKMARK [2][-]{subsection.5.1.3}{Testing}{section.5.1}% 63
\BOOKMARK [1][-]{section.5.2}{Transceivers - Trans 434/868}{chapter.5}% 64
\BOOKMARK [2][-]{subsection.5.2.1}{Layout}{section.5.2}% 65
\BOOKMARK [2][-]{subsection.5.2.2}{Mounting}{section.5.2}% 66
\BOOKMARK [2][-]{subsection.5.2.3}{Testing}{section.5.2}% 67
\BOOKMARK [1][-]{section.5.3}{Serial Communication Board - rs232SHIELD}{chapter.5}% 68
\BOOKMARK [2][-]{subsection.5.3.1}{Layout}{section.5.3}% 69
\BOOKMARK [2][-]{subsection.5.3.2}{Mounting}{section.5.3}% 70
\BOOKMARK [2][-]{subsection.5.3.3}{Testing}{section.5.3}% 71
\BOOKMARK [1][-]{section.5.4}{Transceivers - chargerSHIELD}{chapter.5}% 72
\BOOKMARK [2][-]{subsection.5.4.1}{Layout}{section.5.4}% 73
\BOOKMARK [2][-]{subsection.5.4.2}{Mounting}{section.5.4}% 74
\BOOKMARK [2][-]{subsection.5.4.3}{Testing}{section.5.4}% 75
\BOOKMARK [1][-]{section.5.5}{Conclusions}{chapter.5}% 76
\BOOKMARK [0][-]{chapter.6}{Software}{}% 77
\BOOKMARK [0][-]{chapter.7}{Testings and Results}{}% 78
\BOOKMARK [0][-]{chapter.8}{Conclusions}{}% 79
\BOOKMARK [0][-]{chapter.9}{Legal Conditions}{}% 80
\BOOKMARK [0][-]{chapter.10}{Estimated Costs}{}% 81
\BOOKMARK [0][-]{appendix*.8}{References}{}% 82
